[2013-03-16 09:26:46] START
[2013-03-16 09:26:46] EDIT welcome/controllers/default.py: 2
[2013-11-21 16:17:49] CREATE default/about_us.html: 0
[2013-11-21 16:20:22] EDIT Project_V3/views/default/index.html: 1
[2013-11-21 16:23:05] EDIT Project_V3/controllers/default.py: 2
[2013-11-21 16:23:26] EDIT Project_V3/controllers/default.py: 0
[2013-11-21 16:23:44] EDIT Project_V3/controllers/default.py: 0
[2013-11-21 16:25:33] EDIT Project_V3/models/menu.py: 1
[2013-11-21 16:25:50] EDIT Project_V3/models/menu.py: -1
[2013-11-21 16:29:46] EDIT Project_V3/models/menu.py: 0
[2013-11-21 16:34:55] EDIT Project_V3/models/menu.py: 0
[2013-11-21 16:45:21] EDIT Project_V3/models/menu.py: 1
[2013-11-21 16:45:26] EDIT Project_V3/models/menu.py: 0
[2013-11-21 16:47:06] EDIT Project_V3/models/menu.py: 2
[2013-11-21 16:48:41] EDIT Project_V3/models/menu.py: 2
[2013-11-21 16:48:54] EDIT Project_V3/models/menu.py: 0
[2013-11-21 16:49:15] EDIT Project_V3/models/menu.py: 0
[2013-11-21 16:49:25] EDIT Project_V3/models/menu.py: 0
[2013-11-21 16:49:45] EDIT Project_V3/models/menu.py: 0
[2013-11-21 16:51:55] EDIT Project_V3/models/menu.py: 4
[2013-11-21 16:53:50] EDIT Project_V3/models/menu.py: 4
[2013-11-21 16:55:08] EDIT Project_V3/models/menu.py: 1
[2013-11-21 16:55:41] EDIT Project_V3/views/default/index.html: 1
[2013-11-21 16:56:29] EDIT Project_V3/models/menu.py: 0
[2013-11-21 16:56:44] EDIT Project_V3/models/menu.py: 0
[2013-11-21 16:58:34] EDIT Project_V3/views/default/about_us.html: 4
[2013-11-21 17:00:32] EDIT Project_V3/models/menu.py: 0
[2013-11-21 17:00:57] EDIT Project_V3/models/menu.py: 0
[2013-11-21 17:02:41] EDIT Project_V3/models/menu.py: 1
[2013-11-21 17:03:32] CREATE default/privacy.html: 0
[2013-11-21 17:03:52] EDIT Project_V3/views/default/privacy.html: 4
[2013-11-21 17:04:19] EDIT Project_V3/controllers/default.py: 2
[2013-11-21 17:05:23] EDIT Project_V3/models/menu.py: 0
[2013-11-21 17:06:04] EDIT Project_V3/views/default/privacy.html: 0
[2013-11-21 17:06:14] EDIT Project_V3/views/default/privacy.html: 0
[2013-11-21 17:06:51] EDIT Project_V3/views/default/about_us.html: 0
[2013-11-21 19:47:45] EDIT Project_V3/views/default/privacy.html: 175
[2013-12-11 05:11:02] EDIT SlugArt/views/default/show.html: 0
[2013-12-11 05:11:30] EDIT SlugArt/views/layout.html: 0
[2013-12-11 05:27:57] EDIT SlugArt/views/default/show.html: 0
[2013-12-11 05:33:46] EDIT SlugArt/views/default/privacy.html: 36
[2013-12-11 05:34:22] EDIT SlugArt/views/default/show.html: 0
[2013-12-11 05:43:01] EDIT SlugArt/views/default/show.html: 21
[2013-12-11 05:43:43] CREATE default/purchase_confirmation.html: 0
[2013-12-11 05:44:23] EDIT SlugArt/models/db.py: -5
[2013-12-11 05:44:27] EDIT SlugArt/models/db.py: 0
[2013-12-11 05:45:18] EDIT SlugArt/views/default/show.html: 0
[2013-12-11 05:47:02] EDIT SlugArt/views/default/show.html: 0
[2013-12-11 06:05:40] EDIT SlugArt/controllers/default.py: -2
[2013-12-11 06:05:56] EDIT SlugArt/views/default/index.html: -2
[2013-12-11 06:11:15] EDIT SlugArt/controllers/default.py: 2
[2013-12-11 06:12:07] EDIT SlugArt/views/default/purchase_confirmation.html: 9
[2013-12-11 06:14:09] EDIT SlugArt/views/default/about_us.html: 5
[2013-12-11 08:26:53] EDIT SlugArt/models/db.py: 0
[2013-12-11 09:22:37] EDIT SlugArt/views/default/show.html: 0
[2013-12-11 09:22:52] EDIT SlugArt/views/default/show.html: 0
[2013-12-11 09:23:52] EDIT SlugArt/views/default/show.html: 1
[2013-12-11 09:24:14] EDIT SlugArt/views/default/show.html: 1
[2013-12-11 09:25:22] EDIT SlugArt/views/default/show.html: -1
[2013-12-11 09:25:42] EDIT SlugArt/views/default/show.html: 0
[2013-12-11 09:55:00] EDIT SlugArt/static/css/showstyle.css: 0
[2013-12-11 09:55:25] EDIT SlugArt/static/css/showstyle.css: 0
